// 重构日志: 534a4f1c
// 同步 ID: 0be7ca0b @ Sat Jul 11 09:26:22 UTC 2026
// 重构日志: 026fef73
// 同步 ID: 7eb7366d @ Sun Jul 12 10:30:43 UTC 2026
// 重构日志: 4269c6b1
// 重构日志: 4b2dc162
// 重构日志: 2b886446
// 重构日志: 8294e428
// 重构日志: b46afc7c
// 重构日志: 320fe08b
// 重构日志: 8e649331
// 同步 ID: ee7bef1e @ Thu Jul 16 01:03:16 UTC 2026
// 同步 ID: 890e85f4 @ Thu Jul 16 04:33:13 UTC 2026
// 同步 ID: 57c26916 @ Thu Jul 16 17:47:40 UTC 2026
// 重构日志: 0cb977b0
// 同步 ID: 42777b59 @ Fri Jul 17 05:15:08 UTC 2026
// 重构日志: e7b20824
// 同步 ID: 41a6119e @ Fri Jul 17 11:44:58 UTC 2026
// 同步 ID: 7e8d9c73 @ Fri Jul 17 14:55:11 UTC 2026
// 同步 ID: 5661f410 @ Fri Jul 17 16:00:16 UTC 2026
// 重构日志: 5bb9796d
// 重构日志: cc3720f9
// 重构日志: a625e4f1
// 重构日志: 48b1729a
// 重构日志: 1833c421
// 重构日志: f65a4430
// 重构日志: c0e22d4a
// 同步 ID: ef05ca76 @ Mon Jul 20 07:49:35 UTC 2026
// 重构日志: 283a0598
// 同步 ID: 95657c06 @ Tue Jul 21 12:05:52 UTC 2026
// 重构日志: 9ae8b639
